[  0%] Built target std_srvs_generate_messages_nodejs
[  0%] Built target std_srvs_generate_messages_eus
[  0%] Built target object_recognition_msgs_generate_messages_eus
[  0%] Built target std_srvs_generate_messages_lisp
[  0%] Built target actionlib_generate_messages_py
[  0%] Built target dynamic_reconfigure_gencfg
[  0%] Built target dynamic_reconfigure_generate_messages_cpp
[  0%] Built target dynamic_reconfigure_generate_messages_nodejs
[  0%] Built target actionlib_generate_messages_cpp
[  0%] Built target actionlib_generate_messages_nodejs
[  0%] Built target tf2_msgs_generate_messages_py
[  0%] Built target dynamic_reconfigure_generate_messages_lisp
[  0%] Built target tf2_msgs_generate_messages_lisp
[  0%] Built target tf2_msgs_generate_messages_cpp
[ 10%] Built target list_move_group_capabilities
[ 10%] Built target octomap_msgs_generate_messages_lisp
[ 10%] Built target octomap_msgs_generate_messages_py
[ 10%] Built target octomap_msgs_generate_messages_cpp
[ 10%] Built target roscpp_generate_messages_eus
[ 10%] Built target object_recognition_msgs_generate_messages_nodejs
[ 10%] Built target visualization_msgs_generate_messages_nodejs
[ 10%] Built target octomap_msgs_generate_messages_nodejs
[ 10%] Built target visualization_msgs_generate_messages_lisp
[ 10%] Built target geometry_msgs_generate_messages_cpp
[ 10%] Built target object_recognition_msgs_generate_messages_lisp
[ 10%] Built target dynamic_reconfigure_generate_messages_eus
[ 10%] Built target moveit_msgs_generate_messages_py
[ 10%] Built target geometry_msgs_generate_messages_nodejs
[ 10%] Built target visualization_msgs_generate_messages_eus
[ 10%] Built target actionlib_msgs_generate_messages_cpp
[ 10%] Built target octomap_msgs_generate_messages_eus
[ 10%] Built target std_msgs_generate_messages_nodejs
[ 10%] Built target geometry_msgs_generate_messages_eus
[ 10%] Built target std_msgs_generate_messages_py
[ 10%] Built target object_recognition_msgs_generate_messages_cpp
[ 10%] Built target roscpp_generate_messages_cpp
[ 10%] Built target geometry_msgs_generate_messages_py
[ 10%] Built target moveit_msgs_generate_messages_eus
[ 10%] Built target tf2_msgs_generate_messages_eus
[ 10%] Built target roscpp_generate_messages_nodejs
[ 10%] Built target sensor_msgs_generate_messages_py
[ 10%] Built target geometry_msgs_generate_messages_lisp
[ 10%] Built target visualization_msgs_generate_messages_py
[ 10%] Built target actionlib_generate_messages_lisp
[ 10%] Built target shape_msgs_generate_messages_cpp
[ 10%] Built target roscpp_generate_messages_lisp
[ 10%] Built target _catkin_empty_exported_target
[ 10%] Built target std_msgs_generate_messages_lisp
[ 10%] Built target std_srvs_generate_messages_cpp
[ 10%] Built target tf2_msgs_generate_messages_nodejs
[ 10%] Built target rosgraph_msgs_generate_messages_lisp
[ 10%] Built target moveit_msgs_generate_messages_lisp
[ 10%] Built target dynamic_reconfigure_generate_messages_py
[ 10%] Built target actionlib_msgs_generate_messages_eus
[ 10%] Built target shape_msgs_generate_messages_eus
[ 10%] Built target shape_msgs_generate_messages_py
[ 10%] Built target shape_msgs_generate_messages_nodejs
[ 10%] Built target actionlib_generate_messages_eus
[ 10%] Built target rosgraph_msgs_generate_messages_py
[ 10%] Built target std_msgs_generate_messages_cpp
[ 10%] Built target trajectory_msgs_generate_messages_py
[ 10%] Built target rosgraph_msgs_generate_messages_cpp
[ 10%] Built target std_srvs_generate_messages_py
[ 10%] Built target object_recognition_msgs_generate_messages_py
[ 10%] Built target rosgraph_msgs_generate_messages_nodejs
[ 10%] Built target rosgraph_msgs_generate_messages_eus
[ 10%] Built target moveit_ros_planning_gencfg
[ 10%] Built target actionlib_msgs_generate_messages_py
[ 10%] Built target moveit_msgs_generate_messages_cpp
[ 10%] Built target moveit_msgs_generate_messages_nodejs
[ 10%] Built target std_msgs_generate_messages_eus
[ 10%] Built target sensor_msgs_generate_messages_cpp
[ 10%] Built target trajectory_msgs_generate_messages_cpp
[ 10%] Built target actionlib_msgs_generate_messages_nodejs
[ 10%] Built target visualization_msgs_generate_messages_cpp
[ 10%] Built target actionlib_msgs_generate_messages_lisp
[ 10%] Built target sensor_msgs_generate_messages_eus
[ 10%] Built target sensor_msgs_generate_messages_nodejs
[ 10%] Built target sensor_msgs_generate_messages_lisp
[ 10%] Built target trajectory_msgs_generate_messages_eus
[ 10%] Built target shape_msgs_generate_messages_lisp
[ 10%] Built target trajectory_msgs_generate_messages_lisp
[ 10%] Built target roscpp_generate_messages_py
[ 10%] Built target trajectory_msgs_generate_messages_nodejs
[ 26%] Built target moveit_move_group_capabilities_base
[ 36%] Built target move_group
[100%] Built target moveit_move_group_default_capabilities
