[  0%] Built target octomap_msgs_generate_messages_cpp
[  0%] Built target _moveit_msgs_generate_messages_check_deps_OrientedBoundingBox
[  0%] Built target trajectory_msgs_generate_messages_cpp
[  0%] Built target _moveit_msgs_generate_messages_check_deps_MotionSequenceItem
[  0%] Built target _moveit_msgs_generate_messages_check_deps_CartesianTrajectoryPoint
[  0%] Built target _moveit_msgs_generate_messages_check_deps_MoveGroupActionFeedback
[  0%] Built target _moveit_msgs_generate_messages_check_deps_GetMotionSequence
[  0%] Built target _moveit_msgs_generate_messages_check_deps_MoveItErrorCodes
[  0%] Built target _moveit_msgs_generate_messages_check_deps_RobotTrajectory
[  0%] Built target _moveit_msgs_generate_messages_check_deps_CollisionObject
[  0%] Built target _moveit_msgs_generate_messages_check_deps_PlaceAction
[  0%] Built target _moveit_msgs_generate_messages_check_deps_WorkspaceParameters
[  0%] Built target _moveit_msgs_generate_messages_check_deps_MoveGroupResult
[  0%] Built target _moveit_msgs_generate_messages_check_deps_PositionIKRequest
[  0%] Built target _moveit_msgs_generate_messages_check_deps_LinkPadding
[  0%] Built target _moveit_msgs_generate_messages_check_deps_MoveGroupSequenceActionResult
[  0%] Built target _moveit_msgs_generate_messages_check_deps_GetCartesianPath
[  0%] Built target _moveit_msgs_generate_messages_check_deps_DisplayRobotState
[  0%] Built target _moveit_msgs_generate_messages_check_deps_GenericTrajectory
[  0%] Built target _moveit_msgs_generate_messages_check_deps_MoveGroupActionGoal
[  0%] Built target _moveit_msgs_generate_messages_check_deps_CostSource
[  0%] Built target _moveit_msgs_generate_messages_check_deps_MoveGroupSequenceResult
[  0%] Built target _moveit_msgs_generate_messages_check_deps_PlannerInterfaceDescription
[  0%] Built target _moveit_msgs_generate_messages_check_deps_GetPlannerParams
[  0%] Built target _moveit_msgs_generate_messages_check_deps_GetPositionIK
[  0%] Built target _moveit_msgs_generate_messages_check_deps_QueryPlannerInterfaces
[  0%] Built target _moveit_msgs_generate_messages_check_deps_GraspPlanning
[  0%] Built target _moveit_msgs_generate_messages_check_deps_GetStateValidity
[  0%] Built target _moveit_msgs_generate_messages_check_deps_ExecuteKnownTrajectory
[  0%] Built target _moveit_msgs_generate_messages_check_deps_GetPositionFK
[  0%] Built target _moveit_msgs_generate_messages_check_deps_GetMotionPlan
[  0%] Built target _moveit_msgs_generate_messages_check_deps_MoveGroupActionResult
[  0%] Built target sensor_msgs_generate_messages_cpp
[  0%] Built target _moveit_msgs_generate_messages_check_deps_MoveGroupSequenceGoal
[  0%] Built target _moveit_msgs_generate_messages_check_deps_MoveGroupAction
[  0%] Built target _moveit_msgs_generate_messages_check_deps_ExecuteTrajectoryGoal
[  0%] Built target _moveit_msgs_generate_messages_check_deps_ExecuteTrajectoryActionResult
[  0%] Built target _moveit_msgs_generate_messages_check_deps_ExecuteTrajectoryActionGoal
[  0%] Built target _moveit_msgs_generate_messages_check_deps_MoveGroupSequenceFeedback
[  0%] Built target _moveit_msgs_generate_messages_check_deps_GetRobotStateFromWarehouse
[  0%] Built target _moveit_msgs_generate_messages_check_deps_PlaceActionFeedback
[  0%] Built target _moveit_msgs_generate_messages_check_deps_PickupActionResult
[  0%] Built target _moveit_msgs_generate_messages_check_deps_CartesianPoint
[  0%] Built target _moveit_msgs_generate_messages_check_deps_PickupActionFeedback
[  0%] Built target _moveit_msgs_generate_messages_check_deps_PickupGoal
[  0%] Built target _moveit_msgs_generate_messages_check_deps_PlaceActionGoal
[  0%] Built target _moveit_msgs_generate_messages_check_deps_UpdatePointcloudOctomap
[  0%] Built target _moveit_msgs_generate_messages_check_deps_MoveGroupSequenceActionFeedback
[  0%] Built target _moveit_msgs_generate_messages_check_deps_ContactInformation
[  0%] Built target _moveit_msgs_generate_messages_check_deps_MotionPlanDetailedResponse
[  0%] Built target _moveit_msgs_generate_messages_check_deps_RenameRobotStateInWarehouse
[  0%] Built target actionlib_msgs_generate_messages_cpp
[  0%] Built target _moveit_msgs_generate_messages_check_deps_PlaceGoal
[  0%] Built target _moveit_msgs_generate_messages_check_deps_PlaceFeedback
[  0%] Built target shape_msgs_generate_messages_cpp
[  0%] Built target _moveit_msgs_generate_messages_check_deps_PlanningSceneWorld
[  0%] Built target _moveit_msgs_generate_messages_check_deps_AllowedCollisionEntry
[  0%] Built target _moveit_msgs_generate_messages_check_deps_VisibilityConstraint
[  0%] Built target _moveit_msgs_generate_messages_check_deps_Grasp
[  0%] Built target _moveit_msgs_generate_messages_check_deps_AllowedCollisionMatrix
[  0%] Built target _moveit_msgs_generate_messages_check_deps_BoundingVolume
[  0%] Built target _moveit_msgs_generate_messages_check_deps_AttachedCollisionObject
[  0%] Built target _moveit_msgs_generate_messages_check_deps_CartesianTrajectory
[  0%] Built target _moveit_msgs_generate_messages_check_deps_LoadMap
[  0%] Built target _moveit_msgs_generate_messages_check_deps_PickupAction
[  0%] Built target _moveit_msgs_generate_messages_check_deps_PositionConstraint
[  0%] Built target _moveit_msgs_generate_messages_check_deps_PlaceActionResult
[  0%] Built target _moveit_msgs_generate_messages_check_deps_ConstraintEvalResult
[  0%] Built target _moveit_msgs_generate_messages_check_deps_GripperTranslation
[  0%] Built target _moveit_msgs_generate_messages_check_deps_JointConstraint
[  0%] Built target _moveit_msgs_generate_messages_check_deps_JointLimits
[  0%] Built target _moveit_msgs_generate_messages_check_deps_PlaceLocation
[  0%] Built target _moveit_msgs_generate_messages_check_deps_ExecuteTrajectoryAction
[  0%] Built target _moveit_msgs_generate_messages_check_deps_ApplyPlanningScene
[  0%] Built target _moveit_msgs_generate_messages_check_deps_LinkScale
[  0%] Built target _moveit_msgs_generate_messages_check_deps_MotionPlanResponse
[  0%] Built target _moveit_msgs_generate_messages_check_deps_TrajectoryConstraints
[  0%] Built target _moveit_msgs_generate_messages_check_deps_ObjectColor
[  0%] Built target object_recognition_msgs_generate_messages_cpp
[  0%] Built target _moveit_msgs_generate_messages_check_deps_OrientationConstraint
[  0%] Built target _moveit_msgs_generate_messages_check_deps_ExecuteTrajectoryActionFeedback
[  0%] Built target _moveit_msgs_generate_messages_check_deps_PlanningOptions
[  0%] Built target std_msgs_generate_messages_cpp
[  0%] Built target _moveit_msgs_generate_messages_check_deps_RobotState
[  0%] Built target geometry_msgs_generate_messages_cpp
[  0%] Built target _moveit_msgs_generate_messages_check_deps_SetPlannerParams
[  0%] Built target _moveit_msgs_generate_messages_check_deps_DisplayTrajectory
[  0%] Built target _moveit_msgs_generate_messages_check_deps_PickupActionGoal
[  0%] Built target _moveit_msgs_generate_messages_check_deps_MoveGroupSequenceAction
[  0%] Built target _moveit_msgs_generate_messages_check_deps_Constraints
[  0%] Built target _moveit_msgs_generate_messages_check_deps_MotionPlanRequest
[  0%] Built target _moveit_msgs_generate_messages_check_deps_GetPlanningScene
[  0%] Built target _moveit_msgs_generate_messages_check_deps_PlannerParams
[  0%] Built target _moveit_msgs_generate_messages_check_deps_PlanningScene
[  0%] Built target _moveit_msgs_generate_messages_check_deps_MoveGroupSequenceActionGoal
[  0%] Built target _moveit_msgs_generate_messages_check_deps_MotionSequenceResponse
[  0%] Built target _moveit_msgs_generate_messages_check_deps_ChangeDriftDimensions
[  0%] Built target _moveit_msgs_generate_messages_check_deps_ChangeControlDimensions
[  0%] Built target _moveit_msgs_generate_messages_check_deps_DeleteRobotStateFromWarehouse
[  0%] Built target _moveit_msgs_generate_messages_check_deps_CheckIfRobotStateExistsInWarehouse
[  0%] Built target _moveit_msgs_generate_messages_check_deps_SaveRobotStateToWarehouse
[  0%] Built target _moveit_msgs_generate_messages_check_deps_SaveMap
[  0%] Built target _moveit_msgs_generate_messages_check_deps_ExecuteTrajectoryFeedback
[  0%] Built target _moveit_msgs_generate_messages_check_deps_ListRobotStatesInWarehouse
[  0%] Built target _moveit_msgs_generate_messages_check_deps_KinematicSolverInfo
[  0%] Built target _moveit_msgs_generate_messages_check_deps_PickupFeedback
[  0%] Built target _moveit_msgs_generate_messages_check_deps_MoveGroupGoal
[  0%] Built target _moveit_msgs_generate_messages_check_deps_MoveGroupFeedback
[  0%] Built target _moveit_msgs_generate_messages_check_deps_PickupResult
[  0%] Built target std_msgs_generate_messages_lisp
[  0%] Built target sensor_msgs_generate_messages_lisp
[  0%] Built target octomap_msgs_generate_messages_lisp
[  0%] Built target _moveit_msgs_generate_messages_check_deps_ExecuteTrajectoryResult
[  0%] Built target _moveit_msgs_generate_messages_check_deps_PlaceResult
[  0%] Built target geometry_msgs_generate_messages_lisp
[  0%] Built target actionlib_msgs_generate_messages_lisp
[  0%] Built target _moveit_msgs_generate_messages_check_deps_PlanningSceneComponents
[  0%] Built target shape_msgs_generate_messages_lisp
[  0%] Built target object_recognition_msgs_generate_messages_lisp
[  0%] Built target trajectory_msgs_generate_messages_lisp
[  0%] Built target trajectory_msgs_generate_messages_nodejs
[  0%] Built target sensor_msgs_generate_messages_nodejs
[  0%] Built target _moveit_msgs_generate_messages_check_deps_MotionSequenceRequest
[  0%] Built target actionlib_msgs_generate_messages_nodejs
[  0%] Built target octomap_msgs_generate_messages_nodejs
[  0%] Built target object_recognition_msgs_generate_messages_nodejs
[  0%] Built target geometry_msgs_generate_messages_nodejs
[  0%] Built target std_msgs_generate_messages_nodejs
[  0%] Built target actionlib_msgs_generate_messages_py
[  0%] Built target shape_msgs_generate_messages_nodejs
[  0%] Built target object_recognition_msgs_generate_messages_py
[  0%] Built target sensor_msgs_generate_messages_py
[  0%] Built target geometry_msgs_generate_messages_py
[  0%] Built target shape_msgs_generate_messages_py
[  0%] Built target std_msgs_generate_messages_py
[  0%] Built target octomap_msgs_generate_messages_py
[  0%] Built target trajectory_msgs_generate_messages_py
[  0%] Built target trajectory_msgs_generate_messages_eus
[  0%] Built target geometry_msgs_generate_messages_eus
[  0%] Built target std_msgs_generate_messages_eus
[  0%] Built target sensor_msgs_generate_messages_eus
[  0%] Built target shape_msgs_generate_messages_eus
[  0%] Built target object_recognition_msgs_generate_messages_eus
[  0%] Built target actionlib_msgs_generate_messages_eus
[  0%] Built target octomap_msgs_generate_messages_eus
[ 20%] Built target moveit_msgs_generate_messages_cpp
[ 40%] Built target moveit_msgs_generate_messages_lisp
[ 60%] Built target moveit_msgs_generate_messages_nodejs
[ 80%] Built target moveit_msgs_generate_messages_py
[100%] Built target moveit_msgs_generate_messages_eus
[100%] Built target moveit_msgs_generate_messages
