[  0%] Built target std_msgs_generate_messages_eus
[  0%] Built target geometry_msgs_generate_messages_nodejs
[  0%] Built target geometry_msgs_generate_messages_cpp
[  0%] Built target std_msgs_generate_messages_nodejs
[  0%] Built target geometry_msgs_generate_messages_eus
[  0%] Built target std_msgs_generate_messages_cpp
[  0%] Built target geometry_msgs_generate_messages_lisp
[  0%] Built target geometry_msgs_generate_messages_py
[  0%] Built target sensor_msgs_generate_messages_py
[  0%] Built target sensor_msgs_generate_messages_nodejs
[  0%] Built target std_msgs_generate_messages_lisp
[  0%] Built target std_msgs_generate_messages_py
[  0%] Built target sensor_msgs_generate_messages_cpp
[  0%] Built target sensor_msgs_generate_messages_lisp
[  0%] Built target sensor_msgs_generate_messages_eus
[  0%] Built target bond_generate_messages_py
[  0%] Built target object_recognition_msgs_generate_messages_nodejs
[  8%] Built target moveit_point_containment_filter
[  8%] Built target bond_generate_messages_lisp
[  8%] Built target nodelet_generate_messages_py
[ 17%] Built target bond_generate_messages_eus
[ 34%] Built target moveit_mesh_filter
[ 34%] Built target nodelet_generate_messages_nodejs
[ 34%] Built target nodelet_generate_messages_eus
[ 34%] Built target dynamic_reconfigure_gencfg
[ 34%] Built target nodelet_generate_messages_cpp
[ 34%] Built target dynamic_reconfigure_generate_messages_cpp
[ 34%] Built target actionlib_generate_messages_py
[ 34%] Built target actionlib_generate_messages_nodejs
[ 34%] Built target tf2_msgs_generate_messages_py
[ 34%] Built target dynamic_reconfigure_generate_messages_nodejs
[ 34%] Built target actionlib_generate_messages_cpp
[ 34%] Built target bond_generate_messages_cpp
[ 34%] Built target tf2_msgs_generate_messages_cpp
[ 34%] Built target dynamic_reconfigure_generate_messages_lisp
[ 34%] Built target tf2_msgs_generate_messages_lisp
[ 34%] Built target bond_generate_messages_nodejs
[ 34%] Built target octomap_msgs_generate_messages_py
[ 34%] Built target visualization_msgs_generate_messages_nodejs
[ 34%] Built target octomap_msgs_generate_messages_nodejs
[ 34%] Built target octomap_msgs_generate_messages_lisp
[ 34%] Built target octomap_msgs_generate_messages_cpp
[ 34%] Built target visualization_msgs_generate_messages_lisp
[ 34%] Built target dynamic_reconfigure_generate_messages_eus
[ 34%] Built target moveit_msgs_generate_messages_py
[ 34%] Built target visualization_msgs_generate_messages_eus
[ 34%] Built target object_recognition_msgs_generate_messages_lisp
[ 34%] Built target actionlib_msgs_generate_messages_cpp
[ 34%] Built target octomap_msgs_generate_messages_eus
[ 34%] Built target object_recognition_msgs_generate_messages_cpp
[ 34%] Built target shape_msgs_generate_messages_eus
[ 34%] Built target shape_msgs_generate_messages_cpp
[ 34%] Built target actionlib_generate_messages_lisp
[ 34%] Built target roscpp_generate_messages_lisp
[ 34%] Built target tf2_msgs_generate_messages_eus
[ 34%] Built target nodelet_generate_messages_lisp
[ 34%] Built target moveit_msgs_generate_messages_eus
[ 34%] Built target tf2_msgs_generate_messages_nodejs
[ 34%] Built target moveit_msgs_generate_messages_lisp
[ 34%] Built target rosgraph_msgs_generate_messages_lisp
[ 34%] Built target dynamic_reconfigure_generate_messages_py
[ 34%] Built target actionlib_msgs_generate_messages_eus
[ 34%] Built target rosgraph_msgs_generate_messages_py
[ 34%] Built target shape_msgs_generate_messages_nodejs
[ 34%] Built target visualization_msgs_generate_messages_cpp
[ 34%] Built target shape_msgs_generate_messages_py
[ 34%] Built target roscpp_generate_messages_cpp
[ 34%] Built target roscpp_generate_messages_eus
[ 34%] Built target visualization_msgs_generate_messages_py
[ 34%] Built target roscpp_generate_messages_nodejs
[ 34%] Built target actionlib_generate_messages_eus
[ 34%] Built target rosgraph_msgs_generate_messages_cpp
[ 34%] Built target moveit_ros_planning_gencfg
[ 34%] Built target trajectory_msgs_generate_messages_py
[ 34%] Built target object_recognition_msgs_generate_messages_py
[ 34%] Built target rosgraph_msgs_generate_messages_eus
[ 34%] Built target rosgraph_msgs_generate_messages_nodejs
[ 34%] Built target actionlib_msgs_generate_messages_py
[ 34%] Built target moveit_msgs_generate_messages_nodejs
[ 34%] Built target moveit_msgs_generate_messages_cpp
[ 34%] Built target actionlib_msgs_generate_messages_lisp
[ 34%] Built target actionlib_msgs_generate_messages_nodejs
[ 34%] Built target trajectory_msgs_generate_messages_cpp
[ 34%] Built target roscpp_generate_messages_py
[ 34%] Built target trajectory_msgs_generate_messages_eus
[ 34%] Built target trajectory_msgs_generate_messages_nodejs
[ 34%] Built target shape_msgs_generate_messages_lisp
[ 34%] Built target trajectory_msgs_generate_messages_lisp
[ 34%] Built target object_recognition_msgs_generate_messages_eus
[ 43%] Built target moveit_lazy_free_space_updater
[ 52%] Built target moveit_pointcloud_octomap_updater_core
[ 60%] Built target moveit_semantic_world
[ 73%] Built target moveit_depth_self_filter
[ 82%] Built target moveit_depth_image_octomap_updater_core
[ 91%] Built target moveit_pointcloud_octomap_updater
[100%] Built target moveit_depth_image_octomap_updater
