[  0%] Built target object_recognition_msgs_generate_messages_nodejs
[  0%] Built target octomap_msgs_generate_messages_py
[  0%] Built target octomap_msgs_generate_messages_lisp
[  0%] Built target octomap_msgs_generate_messages_nodejs
[  0%] Built target sensor_msgs_generate_messages_lisp
[  0%] Built target octomap_msgs_generate_messages_cpp
[  0%] Built target object_recognition_msgs_generate_messages_lisp
[  0%] Built target object_recognition_msgs_generate_messages_eus
[  0%] Built target trajectory_msgs_generate_messages_nodejs
[  0%] Built target octomap_msgs_generate_messages_eus
[  0%] Built target object_recognition_msgs_generate_messages_cpp
[  0%] Built target sensor_msgs_generate_messages_nodejs
[  0%] Built target trajectory_msgs_generate_messages_cpp
[  0%] Built target _catkin_empty_exported_target
[  0%] Built target actionlib_generate_messages_lisp
[  0%] Built target roscpp_generate_messages_lisp
[  0%] Built target shape_msgs_generate_messages_cpp
[  0%] Built target rosgraph_msgs_generate_messages_nodejs
[  0%] Built target actionlib_msgs_generate_messages_py
[  0%] Built target actionlib_generate_messages_cpp
[  0%] Built target actionlib_msgs_generate_messages_cpp
[  0%] Built target actionlib_generate_messages_py
[  0%] Built target object_recognition_msgs_generate_messages_py
[  0%] Built target trajectory_msgs_generate_messages_lisp
[  0%] Built target tf2_msgs_generate_messages_py
[  0%] Built target geometry_msgs_generate_messages_cpp
[  0%] Built target shape_msgs_generate_messages_lisp
[  0%] Built target visualization_msgs_generate_messages_eus
[  0%] Built target moveit_msgs_generate_messages_py
[  0%] Built target tf2_msgs_generate_messages_cpp
[  0%] Built target std_msgs_generate_messages_cpp
[  0%] Built target std_msgs_generate_messages_py
[  0%] Built target std_msgs_generate_messages_nodejs
[  0%] Built target geometry_msgs_generate_messages_eus
[  0%] Built target moveit_msgs_generate_messages_eus
[  0%] Built target geometry_msgs_generate_messages_py
[  0%] Built target sensor_msgs_generate_messages_py
[  0%] Built target roscpp_generate_messages_eus
[  0%] Built target tf2_msgs_generate_messages_eus
[  0%] Built target actionlib_msgs_generate_messages_eus
[  0%] Built target shape_msgs_generate_messages_eus
[  0%] Built target rosgraph_msgs_generate_messages_lisp
[  0%] Built target tf2_msgs_generate_messages_lisp
[  0%] Built target geometry_msgs_generate_messages_nodejs
[  0%] Built target visualization_msgs_generate_messages_lisp
[  0%] Built target actionlib_msgs_generate_messages_nodejs
[  0%] Built target geometry_msgs_generate_messages_lisp
[  0%] Built target actionlib_msgs_generate_messages_lisp
[  0%] Built target tf2_msgs_generate_messages_nodejs
[  0%] Built target std_msgs_generate_messages_eus
[  0%] Built target std_msgs_generate_messages_lisp
[  0%] Built target moveit_msgs_generate_messages_lisp
[  0%] Built target roscpp_generate_messages_cpp
[  0%] Built target actionlib_generate_messages_nodejs
[  0%] Built target roscpp_generate_messages_nodejs
[  0%] Built target trajectory_msgs_generate_messages_eus
[  0%] Built target roscpp_generate_messages_py
[  0%] Built target rosgraph_msgs_generate_messages_py
[  0%] Built target trajectory_msgs_generate_messages_py
[  0%] Built target shape_msgs_generate_messages_nodejs
[  0%] Built target rosgraph_msgs_generate_messages_cpp
[  0%] Built target rosgraph_msgs_generate_messages_eus
[  0%] Built target actionlib_generate_messages_eus
[  0%] Built target shape_msgs_generate_messages_py
[  0%] Built target visualization_msgs_generate_messages_nodejs
[  0%] Built target moveit_msgs_generate_messages_cpp
[  0%] Built target visualization_msgs_generate_messages_py
[  0%] Built target moveit_msgs_generate_messages_nodejs
[  0%] Built target sensor_msgs_generate_messages_cpp
[  0%] Built target visualization_msgs_generate_messages_cpp
[  0%] Built target sensor_msgs_generate_messages_eus
[  1%] [32m[1mLinking CXX shared library /home/ros/ws_moveit/devel/.private/moveit_core/lib/libmoveit_exceptions.so[0m
[  3%] Built target moveit_version
[  4%] Built target gtest
[  4%] [32m[1mLinking CXX shared library /home/ros/ws_moveit/devel/.private/moveit_core/lib/libmoveit_profiler.so[0m
[  6%] [32m[1mLinking CXX shared library /home/ros/ws_moveit/devel/.private/moveit_core/lib/libmoveit_background_processing.so[0m
[  7%] [32m[1mLinking CXX shared library /home/ros/ws_moveit/devel/.private/moveit_core/lib/libmoveit_utils.so[0m
[35m[1mScanning dependencies of target moveit_distance_field[0m
[  7%] [32m[1mLinking CXX shared library /home/ros/ws_moveit/devel/.private/moveit_core/lib/libmoveit_python_tools.so[0m
[  9%] [32m[1mLinking CXX shared library /home/ros/ws_moveit/devel/.private/moveit_core/lib/libmoveit_kinematics_base.so[0m
[ 11%] [32m[1mLinking CXX shared library /home/ros/ws_moveit/devel/.private/moveit_core/lib/libmoveit_transforms.so[0m
[ 11%] [32mBuilding CXX object distance_field/CMakeFiles/moveit_distance_field.dir/src/distance_field.cpp.o[0m
[ 12%] Built target moveit_exceptions
[ 14%] Built target moveit_utils
[ 15%] Built target moveit_python_tools
[ 17%] [32mBuilding CXX object distance_field/CMakeFiles/moveit_distance_field.dir/src/propagation_distance_field.cpp.o[0m
[ 19%] Built target moveit_kinematics_base
[ 20%] Built target moveit_profiler
[ 20%] Built target moveit_background_processing
[ 22%] Built target moveit_transforms
[ 23%] [32m[1mLinking CXX shared library /home/ros/ws_moveit/devel/.private/moveit_core/lib/libmoveit_robot_model.so[0m
[ 33%] Built target moveit_robot_model
[ 33%] [32m[1mLinking CXX shared library /home/ros/ws_moveit/devel/.private/moveit_core/lib/libmoveit_test_utils.so[0m
[ 34%] [32m[1mLinking CXX shared library /home/ros/ws_moveit/devel/.private/moveit_core/lib/libmoveit_robot_state.so[0m
[ 36%] Built target moveit_test_utils
[ 39%] Built target moveit_robot_state
[35m[1mScanning dependencies of target moveit_dynamics_solver[0m
[35m[1mScanning dependencies of target moveit_collision_detection[0m
[ 41%] [32m[1mLinking CXX shared library /home/ros/ws_moveit/devel/.private/moveit_core/lib/libmoveit_kinematics_metrics.so[0m
[ 41%] [32m[1mLinking CXX executable /home/ros/ws_moveit/devel/.private/moveit_core/lib/moveit_core/robot_state_benchmark[0m
[ 41%] [32m[1mLinking CXX shared library /home/ros/ws_moveit/devel/.private/moveit_core/lib/libmoveit_robot_trajectory.so[0m
[ 42%] [32mBuilding CXX object dynamics_solver/CMakeFiles/moveit_dynamics_solver.dir/src/dynamics_solver.cpp.o[0m
[ 42%] [32mBuilding CXX object collision_detection/CMakeFiles/moveit_collision_detection.dir/src/collision_octomap_filter.cpp.o[0m
[ 42%] Built target moveit_kinematics_metrics
[ 44%] Built target moveit_robot_trajectory
[ 46%] Built target robot_state_benchmark
[ 47%] [32m[1mLinking CXX shared library /home/ros/ws_moveit/devel/.private/moveit_core/lib/libmoveit_planning_interface.so[0m
[ 47%] [32m[1mLinking CXX shared library /home/ros/ws_moveit/devel/.private/moveit_core/lib/libmoveit_trajectory_processing.so[0m
[ 49%] Built target moveit_planning_interface
[ 53%] Built target moveit_trajectory_processing
[ 53%] [32m[1mLinking CXX shared library /home/ros/ws_moveit/devel/.private/moveit_core/lib/libmoveit_distance_field.so[0m
[ 55%] Built target moveit_distance_field
[ 57%] [32m[1mLinking CXX shared library /home/ros/ws_moveit/devel/.private/moveit_core/lib/libmoveit_collision_detection.so[0m
[ 65%] Built target moveit_collision_detection
[35m[1mScanning dependencies of target moveit_collision_detection_fcl[0m
[35m[1mScanning dependencies of target moveit_collision_detection_bullet[0m
[ 65%] [32mBuilding CXX object collision_detection_bullet/CMakeFiles/moveit_collision_detection_bullet.dir/src/bullet_integration/bullet_utils.cpp.o[0m
[ 65%] [32mBuilding CXX object collision_detection_bullet/CMakeFiles/moveit_collision_detection_bullet.dir/src/collision_env_bullet.cpp.o[0m
[ 66%] [32mBuilding CXX object collision_detection_fcl/CMakeFiles/moveit_collision_detection_fcl.dir/src/collision_common.cpp.o[0m
[ 68%] [32mBuilding CXX object collision_detection_fcl/CMakeFiles/moveit_collision_detection_fcl.dir/src/collision_env_fcl.cpp.o[0m
[ 68%] [32m[1mLinking CXX shared library /home/ros/ws_moveit/devel/.private/moveit_core/lib/libmoveit_dynamics_solver.so[0m
[ 68%] Built target moveit_dynamics_solver
[ 68%] [32m[1mLinking CXX shared library /home/ros/ws_moveit/devel/.private/moveit_core/lib/libmoveit_collision_detection_bullet.so[0m
[ 73%] Built target moveit_collision_detection_bullet
[ 73%] [32m[1mLinking CXX shared library /home/ros/ws_moveit/devel/.private/moveit_core/lib/libmoveit_collision_detection_fcl.so[0m
[ 73%] Built target moveit_collision_detection_fcl
[35m[1mScanning dependencies of target moveit_kinematic_constraints[0m
[ 73%] [32mBuilding CXX object kinematic_constraints/CMakeFiles/moveit_kinematic_constraints.dir/src/kinematic_constraint.cpp.o[0m
[ 73%] [32m[1mLinking CXX shared library /home/ros/ws_moveit/devel/.private/moveit_core/lib/libmoveit_kinematic_constraints.so[0m
[ 74%] Built target moveit_kinematic_constraints
[35m[1mScanning dependencies of target moveit_planning_scene[0m
[ 74%] [32mBuilding CXX object planning_scene/CMakeFiles/moveit_planning_scene.dir/src/planning_scene.cpp.o[0m
[ 76%] [32m[1mLinking CXX shared library /home/ros/ws_moveit/devel/.private/moveit_core/lib/libmoveit_planning_scene.so[0m
[ 76%] Built target moveit_planning_scene
[35m[1mScanning dependencies of target moveit_collision_distance_field[0m
[35m[1mScanning dependencies of target collision_detector_fcl_plugin[0m
[ 77%] [32m[1mLinking CXX shared library /home/ros/ws_moveit/devel/.private/moveit_core/lib/libmoveit_planning_request_adapter.so[0m
[ 79%] [32m[1mLinking CXX shared library /home/ros/ws_moveit/devel/.private/moveit_core/lib/libcollision_detector_bullet_plugin.so[0m
[ 80%] [32m[1mLinking CXX shared library /home/ros/ws_moveit/devel/.private/moveit_core/lib/libmoveit_constraint_samplers.so[0m
[ 82%] [32m[1mLinking CXX shared module /home/ros/ws_moveit/devel/.private/moveit_core/lib/python3/dist-packages/pymoveit_core.cpython-38-x86_64-linux-gnu.so[0m
[ 82%] [32mBuilding CXX object collision_detection_fcl/CMakeFiles/collision_detector_fcl_plugin.dir/src/collision_detector_fcl_plugin_loader.cpp.o[0m
[ 82%] [32mBuilding CXX object collision_distance_field/CMakeFiles/moveit_collision_distance_field.dir/src/collision_common_distance_field.cpp.o[0m
[ 84%] [32mBuilding CXX object collision_distance_field/CMakeFiles/moveit_collision_distance_field.dir/src/collision_distance_field_types.cpp.o[0m
[ 85%] [32mBuilding CXX object collision_distance_field/CMakeFiles/moveit_collision_distance_field.dir/src/collision_env_distance_field.cpp.o[0m
[ 85%] Built target moveit_planning_request_adapter
[ 87%] Built target collision_detector_bullet_plugin
[ 87%] [32mBuilding CXX object collision_distance_field/CMakeFiles/moveit_collision_distance_field.dir/src/collision_env_hybrid.cpp.o[0m
[ 92%] Built target moveit_constraint_samplers
[ 93%] [32m[1mLinking CXX shared library /home/ros/ws_moveit/devel/.private/moveit_core/lib/libcollision_detector_fcl_plugin.so[0m
[ 93%] Built target collision_detector_fcl_plugin
[100%] Built target pymoveit_core
[100%] [32m[1mLinking CXX shared library /home/ros/ws_moveit/devel/.private/moveit_core/lib/libmoveit_collision_distance_field.so[0m
[100%] Built target moveit_collision_distance_field
