[  0%] Built target tf_generate_messages_nodejs
[  0%] Built target std_srvs_generate_messages_lisp
[  0%] Built target std_srvs_generate_messages_eus
[  0%] Built target std_srvs_generate_messages_nodejs
[  0%] Built target tf_generate_messages_lisp
[  0%] Built target tf_generate_messages_cpp
[  4%] [32m[1mLinking CXX shared library /home/ros/ws_moveit/devel/.private/moveit_ros_planning_interface/lib/libmoveit_py_bindings_tools.so[0m
[  9%] [32m[1mLinking CXX shared library /home/ros/ws_moveit/devel/.private/moveit_ros_planning_interface/lib/libmoveit_common_planning_interface_objects.so[0m
[  9%] Built target visualization_msgs_generate_messages_lisp
[  9%] Built target visualization_msgs_generate_messages_py
[  9%] Built target visualization_msgs_generate_messages_nodejs
[  9%] Built target tf2_msgs_generate_messages_lisp
[  9%] Built target visualization_msgs_generate_messages_eus
[  9%] Built target dynamic_reconfigure_gencfg
[  9%] Built target tf2_msgs_generate_messages_py
[  9%] Built target tf2_msgs_generate_messages_cpp
[  9%] Built target dynamic_reconfigure_generate_messages_cpp
[  9%] Built target dynamic_reconfigure_generate_messages_lisp
[  9%] Built target dynamic_reconfigure_generate_messages_nodejs
[  9%] Built target tf_generate_messages_eus
[  9%] Built target std_msgs_generate_messages_nodejs
[  9%] Built target rosgraph_msgs_generate_messages_lisp
[  9%] Built target geometry_msgs_generate_messages_eus
[  9%] Built target roscpp_generate_messages_lisp
[  9%] Built target octomap_msgs_generate_messages_lisp
[  9%] Built target roscpp_generate_messages_nodejs
[  9%] Built target moveit_ros_planning_gencfg
[  9%] Built target std_srvs_generate_messages_py
[  9%] Built target rosgraph_msgs_generate_messages_eus
[  9%] Built target object_recognition_msgs_generate_messages_py
[  9%] Built target sensor_msgs_generate_messages_nodejs
[  9%] Built target rosgraph_msgs_generate_messages_nodejs
[  9%] Built target visualization_msgs_generate_messages_cpp
[  9%] Built target sensor_msgs_generate_messages_lisp
[  9%] Built target sensor_msgs_generate_messages_eus
[  9%] Built target moveit_ros_manipulation_gencfg
[  9%] Built target _catkin_empty_exported_target
[  9%] Built target roscpp_generate_messages_cpp
[  9%] Built target shape_msgs_generate_messages_cpp
[  9%] Built target actionlib_msgs_generate_messages_py
[  9%] Built target actionlib_generate_messages_lisp
[  9%] Built target moveit_msgs_generate_messages_py
[  9%] Built target actionlib_generate_messages_cpp
[  9%] Built target geometry_msgs_generate_messages_cpp
[  9%] Built target object_recognition_msgs_generate_messages_lisp
[  9%] Built target tf2_msgs_generate_messages_eus
[  9%] Built target sensor_msgs_generate_messages_py
[  9%] Built target moveit_msgs_generate_messages_eus
[  9%] Built target dynamic_reconfigure_generate_messages_py
[  9%] Built target geometry_msgs_generate_messages_py
[  9%] Built target actionlib_msgs_generate_messages_eus
[  9%] Built target sensor_msgs_generate_messages_cpp
[  9%] Built target std_msgs_generate_messages_py
[  9%] Built target moveit_msgs_generate_messages_cpp
[  9%] Built target trajectory_msgs_generate_messages_cpp
[  9%] Built target actionlib_generate_messages_py
[  9%] Built target std_msgs_generate_messages_cpp
[  9%] Built target tf2_msgs_generate_messages_nodejs
[  9%] Built target std_msgs_generate_messages_lisp
[  9%] Built target geometry_msgs_generate_messages_lisp
[  9%] Built target moveit_msgs_generate_messages_lisp
[  9%] Built target moveit_msgs_generate_messages_nodejs
[  9%] Built target tf_generate_messages_py
[  9%] Built target actionlib_msgs_generate_messages_lisp
[  9%] Built target actionlib_msgs_generate_messages_cpp
[  9%] Built target actionlib_msgs_generate_messages_nodejs
[  9%] Built target std_srvs_generate_messages_cpp
[  9%] Built target std_msgs_generate_messages_eus
[  9%] Built target dynamic_reconfigure_generate_messages_eus
[  9%] Built target geometry_msgs_generate_messages_nodejs
[  9%] Built target roscpp_generate_messages_py
[  9%] Built target trajectory_msgs_generate_messages_nodejs
[  9%] Built target trajectory_msgs_generate_messages_eus
[ 13%] Built target moveit_common_planning_interface_objects
[ 13%] Built target octomap_msgs_generate_messages_eus
[ 13%] Built target object_recognition_msgs_generate_messages_cpp
[ 13%] Built target actionlib_generate_messages_nodejs
[ 13%] Built target shape_msgs_generate_messages_lisp
[ 13%] Built target trajectory_msgs_generate_messages_lisp
[ 13%] Built target rosgraph_msgs_generate_messages_cpp
[ 13%] Built target actionlib_generate_messages_eus
[ 13%] Built target trajectory_msgs_generate_messages_py
[ 13%] Built target shape_msgs_generate_messages_eus
[ 13%] Built target rosgraph_msgs_generate_messages_py
[ 13%] Built target shape_msgs_generate_messages_nodejs
[ 13%] Built target shape_msgs_generate_messages_py
[ 13%] Built target object_recognition_msgs_generate_messages_eus
[ 13%] Built target object_recognition_msgs_generate_messages_nodejs
[ 13%] Built target octomap_msgs_generate_messages_py
[ 13%] Built target octomap_msgs_generate_messages_cpp
[ 13%] Built target octomap_msgs_generate_messages_nodejs
[ 13%] Built target roscpp_generate_messages_eus
[ 18%] [32m[1mLinking CXX shared library /home/ros/ws_moveit/devel/.private/moveit_ros_planning_interface/lib/libmoveit_planning_scene_interface.so[0m
[ 22%] Built target moveit_py_bindings_tools
[ 27%] [32m[1mLinking CXX shared library /home/ros/ws_moveit/devel/.private/moveit_ros_planning_interface/lib/python3/dist-packages/moveit_ros_planning_interface/_moveit_roscpp_initializer.so[0m
[ 31%] [32m[1mLinking CXX shared library /home/ros/ws_moveit/devel/.private/moveit_ros_planning_interface/lib/python3/dist-packages/moveit_ros_planning_interface/_moveit_planning_interface_test_serialize_msg_cpp_helper.so[0m
[ 36%] [32m[1mLinking CXX shared library /home/ros/ws_moveit/devel/.private/moveit_ros_planning_interface/lib/python3/dist-packages/moveit_ros_planning_interface/_moveit_robot_interface.so[0m
[ 40%] Built target moveit_py_bindings_tools_python
[ 45%] Built target moveit_planning_scene_interface
[35m[1mScanning dependencies of target moveit_move_group_interface[0m
[ 50%] [32m[1mLinking CXX shared library /home/ros/ws_moveit/devel/.private/moveit_ros_planning_interface/lib/python3/dist-packages/moveit_ros_planning_interface/_moveit_planning_scene_interface.so[0m
[ 54%] Built target moveit_planning_interface_test_serialize_msg_cpp_helper
[ 59%] [32mBuilding CXX object move_group_interface/CMakeFiles/moveit_move_group_interface.dir/src/move_group_interface.cpp.o[0m
[ 63%] Built target moveit_robot_interface_python
[ 68%] Built target moveit_planning_scene_interface_python
[ 72%] [32m[1mLinking CXX shared library /home/ros/ws_moveit/devel/.private/moveit_ros_planning_interface/lib/libmoveit_move_group_interface.so[0m
[ 72%] Built target moveit_move_group_interface
[35m[1mScanning dependencies of target moveit_move_group_interface_python[0m
[ 81%] [32m[1mLinking CXX executable /home/ros/ws_moveit/devel/.private/moveit_ros_planning_interface/lib/moveit_ros_planning_interface/demo[0m
[ 81%] [32m[1mLinking CXX executable /home/ros/ws_moveit/devel/.private/moveit_ros_planning_interface/lib/moveit_ros_planning_interface/test_cleanup[0m
[ 86%] [32mBuilding CXX object move_group_interface/CMakeFiles/moveit_move_group_interface_python.dir/src/wrap_python_move_group.cpp.o[0m
[ 90%] Built target test_cleanup
[ 95%] Built target demo
[100%] [32m[1mLinking CXX shared library /home/ros/ws_moveit/devel/.private/moveit_ros_planning_interface/lib/python3/dist-packages/moveit_ros_planning_interface/_moveit_move_group_interface.so[0m
[100%] Built target moveit_move_group_interface_python
