[  0%] Built target std_srvs_generate_messages_eus
[  0%] Built target std_srvs_generate_messages_lisp
[  0%] Built target std_srvs_generate_messages_nodejs
[  0%] Built target tf_generate_messages_lisp
[  0%] Built target tf_generate_messages_nodejs
[  0%] Built target tf_generate_messages_cpp
[  9%] Built target moveit_py_bindings_tools
[ 18%] Built target moveit_common_planning_interface_objects
[ 18%] Built target visualization_msgs_generate_messages_nodejs
[ 18%] Built target visualization_msgs_generate_messages_lisp
[ 18%] Built target visualization_msgs_generate_messages_py
[ 18%] Built target tf2_msgs_generate_messages_lisp
[ 18%] Built target dynamic_reconfigure_gencfg
[ 18%] Built target visualization_msgs_generate_messages_eus
[ 18%] Built target tf2_msgs_generate_messages_py
[ 18%] Built target dynamic_reconfigure_generate_messages_nodejs
[ 18%] Built target dynamic_reconfigure_generate_messages_cpp
[ 18%] Built target tf_generate_messages_eus
[ 18%] Built target rosgraph_msgs_generate_messages_lisp
[ 18%] Built target dynamic_reconfigure_generate_messages_lisp
[ 18%] Built target tf2_msgs_generate_messages_cpp
[ 18%] Built target roscpp_generate_messages_nodejs
[ 18%] Built target geometry_msgs_generate_messages_eus
[ 18%] Built target roscpp_generate_messages_lisp
[ 18%] Built target octomap_msgs_generate_messages_lisp
[ 18%] Built target std_msgs_generate_messages_nodejs
[ 18%] Built target rosgraph_msgs_generate_messages_eus
[ 18%] Built target moveit_ros_planning_gencfg
[ 18%] Built target std_srvs_generate_messages_py
[ 18%] Built target object_recognition_msgs_generate_messages_py
[ 18%] Built target rosgraph_msgs_generate_messages_nodejs
[ 18%] Built target sensor_msgs_generate_messages_nodejs
[ 18%] Built target sensor_msgs_generate_messages_lisp
[ 18%] Built target roscpp_generate_messages_cpp
[ 18%] Built target visualization_msgs_generate_messages_cpp
[ 18%] Built target sensor_msgs_generate_messages_eus
[ 18%] Built target _catkin_empty_exported_target
[ 18%] Built target shape_msgs_generate_messages_cpp
[ 18%] Built target actionlib_generate_messages_lisp
[ 18%] Built target moveit_ros_manipulation_gencfg
[ 18%] Built target moveit_msgs_generate_messages_py
[ 18%] Built target actionlib_generate_messages_cpp
[ 18%] Built target actionlib_msgs_generate_messages_py
[ 18%] Built target geometry_msgs_generate_messages_cpp
[ 18%] Built target object_recognition_msgs_generate_messages_lisp
[ 18%] Built target moveit_msgs_generate_messages_eus
[ 18%] Built target sensor_msgs_generate_messages_py
[ 18%] Built target tf2_msgs_generate_messages_eus
[ 18%] Built target actionlib_msgs_generate_messages_eus
[ 18%] Built target dynamic_reconfigure_generate_messages_py
[ 18%] Built target geometry_msgs_generate_messages_py
[ 18%] Built target sensor_msgs_generate_messages_cpp
[ 18%] Built target std_msgs_generate_messages_py
[ 18%] Built target trajectory_msgs_generate_messages_cpp
[ 18%] Built target moveit_msgs_generate_messages_cpp
[ 18%] Built target actionlib_generate_messages_py
[ 18%] Built target moveit_msgs_generate_messages_lisp
[ 18%] Built target std_msgs_generate_messages_cpp
[ 18%] Built target tf2_msgs_generate_messages_nodejs
[ 18%] Built target std_msgs_generate_messages_lisp
[ 18%] Built target moveit_msgs_generate_messages_nodejs
[ 18%] Built target tf_generate_messages_py
[ 18%] Built target actionlib_msgs_generate_messages_lisp
[ 18%] Built target geometry_msgs_generate_messages_lisp
[ 18%] Built target actionlib_msgs_generate_messages_nodejs
[ 18%] Built target std_srvs_generate_messages_cpp
[ 18%] Built target std_msgs_generate_messages_eus
[ 18%] Built target actionlib_msgs_generate_messages_cpp
[ 18%] Built target dynamic_reconfigure_generate_messages_eus
[ 18%] Built target geometry_msgs_generate_messages_nodejs
[ 18%] Built target roscpp_generate_messages_py
[ 18%] Built target trajectory_msgs_generate_messages_eus
[ 18%] Built target trajectory_msgs_generate_messages_nodejs
[ 18%] Built target actionlib_generate_messages_nodejs
[ 18%] Built target octomap_msgs_generate_messages_eus
[ 18%] Built target object_recognition_msgs_generate_messages_cpp
[ 18%] Built target rosgraph_msgs_generate_messages_cpp
[ 18%] Built target shape_msgs_generate_messages_lisp
[ 18%] Built target trajectory_msgs_generate_messages_lisp
[ 18%] Built target actionlib_generate_messages_eus
[ 18%] Built target trajectory_msgs_generate_messages_py
[ 18%] Built target rosgraph_msgs_generate_messages_py
[ 18%] Built target shape_msgs_generate_messages_eus
[ 18%] Built target shape_msgs_generate_messages_nodejs
[ 18%] Built target shape_msgs_generate_messages_py
[ 18%] Built target object_recognition_msgs_generate_messages_eus
[ 18%] Built target object_recognition_msgs_generate_messages_nodejs
[ 18%] Built target octomap_msgs_generate_messages_cpp
[ 18%] Built target octomap_msgs_generate_messages_nodejs
[ 18%] Built target roscpp_generate_messages_eus
[ 18%] Built target octomap_msgs_generate_messages_py
[ 27%] Built target moveit_robot_interface_python
[ 36%] Built target moveit_py_bindings_tools_python
[ 45%] Built target moveit_planning_interface_test_serialize_msg_cpp_helper
[ 54%] Built target moveit_planning_scene_interface
[ 63%] Built target moveit_planning_scene_interface_python
[ 72%] Built target moveit_move_group_interface
[ 90%] Built target test_cleanup
[ 90%] Built target demo
[100%] Built target moveit_move_group_interface_python
